D:\LABOFTHINGS\HUB\APPS\SMARTCAM\SMARTRECORDER\DEBUG\HOMEOS.HUB.APPS.SMARTCAM.SMARTRECORDER.PCH
D:\LABOFTHINGS\HUB\APPS\SMARTCAM\SMARTRECORDER\DEBUG\STDAFX.OBJ
D:\LABOFTHINGS\HUB\APPS\SMARTCAM\SMARTRECORDER\DEBUG\VC110.PDB
D:\LABOFTHINGS\HUB\APPS\SMARTCAM\SMARTRECORDER\DEBUG\VIDEOWRITER.OBJ
D:\LABOFTHINGS\HUB\APPS\SMARTCAM\SMARTRECORDER\DEBUG\OBJECTDETECTOR.OBJ
D:\LABOFTHINGS\HUB\APPS\SMARTCAM\SMARTRECORDER\DEBUG\CONFIG.OBJ
D:\LABOFTHINGS\HUB\APPS\SMARTCAM\SMARTRECORDER\DEBUG\ASSEMBLYINFO.OBJ
D:\LABOFTHINGS\HUB\APPS\SMARTCAM\SMARTRECORDER\DEBUG\.NETFRAMEWORK,VERSION=V4.5.ASSEMBLYATTRIBUTES.OBJ
D:\LABOFTHINGS\HUB\OUTPUT\BINARIES\PIPELINE\ADDINS\HOMEOS.HUB.APPS.SMARTCAM\HOMEOS.HUB.APPS.SMARTCAM.SMARTRECORDER.ILK
D:\LABOFTHINGS\HUB\OUTPUT\BINARIES\PIPELINE\ADDINS\HOMEOS.HUB.APPS.SMARTCAM\HOMEOS.HUB.APPS.SMARTCAM.SMARTRECORDER.DLL
D:\LABOFTHINGS\HUB\OUTPUT\BINARIES\PIPELINE\ADDINS\HOMEOS.HUB.APPS.SMARTCAM\HOMEOS.HUB.APPS.SMARTCAM.SMARTRECORDER.PDB
D:\LABOFTHINGS\HUB\APPS\SMARTCAM\SMARTRECORDER\DEBUG\APP.RES
D:\labofthings\Hub\Apps\SmartCam\SmartRecorder\Debug\.NETFramework,Version=v4.5.AssemblyAttributes.obj
D:\labofthings\Hub\Apps\SmartCam\SmartRecorder\Debug\AssemblyInfo.obj
D:\labofthings\Hub\Apps\SmartCam\SmartRecorder\Debug\config.obj
D:\labofthings\Hub\Apps\SmartCam\SmartRecorder\Debug\ObjectDetector.obj
D:\labofthings\Hub\Apps\SmartCam\SmartRecorder\Debug\Stdafx.obj
D:\labofthings\Hub\Apps\SmartCam\SmartRecorder\Debug\VideoWriter.obj
D:\labofthings\Hub\Apps\SmartCam\SmartRecorder\Debug\cl.command.1.tlog
D:\labofthings\Hub\Apps\SmartCam\SmartRecorder\Debug\CL.read.1.tlog
D:\labofthings\Hub\Apps\SmartCam\SmartRecorder\Debug\CL.write.1.tlog
D:\labofthings\Hub\Apps\SmartCam\SmartRecorder\Debug\link.13524-cvtres.read.1.tlog
D:\labofthings\Hub\Apps\SmartCam\SmartRecorder\Debug\link.13524-cvtres.write.1.tlog
D:\labofthings\Hub\Apps\SmartCam\SmartRecorder\Debug\link.13524-rc.read.1.tlog
D:\labofthings\Hub\Apps\SmartCam\SmartRecorder\Debug\link.13524-rc.write.1.tlog
D:\labofthings\Hub\Apps\SmartCam\SmartRecorder\Debug\link.13524.read.1.tlog
D:\labofthings\Hub\Apps\SmartCam\SmartRecorder\Debug\link.13524.write.1.tlog
D:\labofthings\Hub\Apps\SmartCam\SmartRecorder\Debug\link.command.1.tlog
D:\labofthings\Hub\Apps\SmartCam\SmartRecorder\Debug\link.read.1.tlog
D:\labofthings\Hub\Apps\SmartCam\SmartRecorder\Debug\link.write.1.tlog
D:\labofthings\Hub\Apps\SmartCam\SmartRecorder\Debug\metagen.read.1.tlog
D:\labofthings\Hub\Apps\SmartCam\SmartRecorder\Debug\metagen.write.1.tlog
D:\labofthings\Hub\Apps\SmartCam\SmartRecorder\Debug\rc.command.1.tlog
D:\labofthings\Hub\Apps\SmartCam\SmartRecorder\Debug\rc.read.1.tlog
D:\labofthings\Hub\Apps\SmartCam\SmartRecorder\Debug\rc.write.1.tlog
D:\labofthings\Hub\Apps\SmartCam\SmartRecorder\Debug\app.res
D:\labofthings\Hub\Apps\SmartCam\SmartRecorder\Debug\HomeOS.Hub.Apps.SmartCam.SmartRecorder.pch
D:\labofthings\Hub\Apps\SmartCam\SmartRecorder\Debug\vc110.pdb
D:\labofthings\Hub\Apps\SmartCam\SmartRecorder\Debug\TZRES.DLL.bi
D:\labofthings\Hub\output\binaries\Pipeline\AddIns\HomeOS.Hub.Apps.SmartCam\HomeOS.Hub.Apps.SmartCam.SmartRecorder.pdb
D:\labofthings\Hub\output\binaries\Pipeline\AddIns\HomeOS.Hub.Apps.SmartCam\HomeOS.Hub.Apps.SmartCam.SmartRecorder.dll
D:\labofthings\Hub\output\binaries\Pipeline\AddIns\HomeOS.Hub.Apps.SmartCam\HomeOS.Hub.Apps.SmartCam.SmartRecorder.ilk
