Build started 4/6/2014 1:29:30 AM.
     1>Project "D:\labofthings\Hub\Apps\SmartCam\SmartRecorder\SmartRecorder.vcxproj" on node 9 (Rebuild target(s)).
     1>ClCompile:
         C:\Program Files (x86)\Microsoft Visual Studio 11.0\VC\bin\CL.exe /c /AI"C:\Program Files (x86)\Reference Assemblies\Microsoft\Framework\.NETFramework\v4.5\\" /AI"C:\Program Files (x86)\Windows Kits\8.0\References\CommonConfiguration\Neutral" /AI"C:\Program Files (x86)\Reference Assemblies\Microsoft\Framework\.NETFramework\v4.5\Facades\\" /Zi /clr /nologo /W3 /WX- /Od /Oy- /D WIN32 /D _DEBUG /D _WINDLL /D _UNICODE /D UNICODE /D _CRT_SECURE_NO_WARNINGS /EHa /MDd /GS /fp:precise /Zc:wchar_t /Zc:forScope /Yc"stdafx.h" /Fp"Debug\HomeOS.Hub.Apps.SmartCam.SmartRecorder.pch" /Fo"Debug\\" /Fd"Debug\vc110.pdb" /TP /FU"C:\Program Files (x86)\Reference Assemblies\Microsoft\Framework\.NETFramework\v4.5\mscorlib.dll" /FU"C:\Program Files (x86)\Reference Assemblies\Microsoft\Framework\.NETFramework\v4.5\System.Data.dll" /FU"C:\Program Files (x86)\Reference Assemblies\Microsoft\Framework\.NETFramework\v4.5\System.dll" /FU"C:\Program Files (x86)\Reference Assemblies\Microsoft\Framework\.NETFramework\v4.5\System.Drawing.dll" /FU"C:\Program Files (x86)\Reference Assemblies\Microsoft\Framework\.NETFramework\v4.5\System.Xml.dll" /analyze- /errorReport:prompt /clr:nostdlib Stdafx.cpp
         Stdafx.cpp
         C:\Program Files (x86)\Microsoft Visual Studio 11.0\VC\bin\CL.exe /c /AI"C:\Program Files (x86)\Reference Assemblies\Microsoft\Framework\.NETFramework\v4.5\\" /AI"C:\Program Files (x86)\Windows Kits\8.0\References\CommonConfiguration\Neutral" /AI"C:\Program Files (x86)\Reference Assemblies\Microsoft\Framework\.NETFramework\v4.5\Facades\\" /Zi /clr /nologo /W3 /WX- /Od /Oy- /D WIN32 /D _DEBUG /D _WINDLL /D _UNICODE /D UNICODE /D _CRT_SECURE_NO_WARNINGS /EHa /MDd /GS /fp:precise /Zc:wchar_t /Zc:forScope /Yu"stdafx.h" /Fp"Debug\HomeOS.Hub.Apps.SmartCam.SmartRecorder.pch" /Fo"Debug\\" /Fd"Debug\vc110.pdb" /TP /FU"C:\Program Files (x86)\Reference Assemblies\Microsoft\Framework\.NETFramework\v4.5\mscorlib.dll" /FU"C:\Program Files (x86)\Reference Assemblies\Microsoft\Framework\.NETFramework\v4.5\System.Data.dll" /FU"C:\Program Files (x86)\Reference Assemblies\Microsoft\Framework\.NETFramework\v4.5\System.dll" /FU"C:\Program Files (x86)\Reference Assemblies\Microsoft\Framework\.NETFramework\v4.5\System.Drawing.dll" /FU"C:\Program Files (x86)\Reference Assemblies\Microsoft\Framework\.NETFramework\v4.5\System.Xml.dll" /analyze- /errorReport:prompt /clr:nostdlib AssemblyInfo.cpp config.cpp ObjectDetector.cpp VideoWriter.cpp
         AssemblyInfo.cpp
         config.cpp
         ObjectDetector.cpp
         VideoWriter.cpp
         Generating Code...
         C:\Program Files (x86)\Microsoft Visual Studio 11.0\VC\bin\CL.exe /c /Zi /clr /nologo /W3 /WX- /Od /Oy- /D WIN32 /D _DEBUG /D _WINDLL /D _UNICODE /D UNICODE /D _CRT_SECURE_NO_WARNINGS /EHa /MDd /GS /fp:precise /Zc:wchar_t /Zc:forScope /Fo"Debug\\" /Fd"Debug\vc110.pdb" /TP /analyze- /errorReport:prompt "C:\Users\Ben\AppData\Local\Temp\.NETFramework,Version=v4.5.AssemblyAttributes.cpp"
         .NETFramework,Version=v4.5.AssemblyAttributes.cpp
       ResourceCompile:
         C:\Program Files (x86)\Windows Kits\8.0\bin\x86\rc.exe /D _UNICODE /D UNICODE /l"0x0409" /nologo /fo"Debug\app.res" app.rc 
       Link:
         C:\Program Files (x86)\Microsoft Visual Studio 11.0\VC\bin\link.exe /ERRORREPORT:PROMPT /OUT:"D:\labofthings\Hub\output\binaries\Pipeline\AddIns\HomeOS.Hub.Apps.SmartCam\HomeOS.Hub.Apps.SmartCam.SmartRecorder.dll" /INCREMENTAL /NOLOGO /MANIFEST /MANIFESTUAC:"level='asInvoker' uiAccess='false'" /manifest:embed /DEBUG /PDB:"D:\labofthings\Hub\output\binaries\Pipeline\AddIns\HomeOS.Hub.Apps.SmartCam\HomeOS.Hub.Apps.SmartCam.SmartRecorder.pdb" /ASSEMBLYDEBUG /TLBID:1 /DYNAMICBASE /FIXED:NO /NXCOMPAT /MACHINE:X86 /DLL Debug\app.res
         Debug\AssemblyInfo.obj
         Debug\config.obj
         Debug\ObjectDetector.obj
         Debug\VideoWriter.obj
         Debug\Stdafx.obj
         "Debug\.NETFramework,Version=v4.5.AssemblyAttributes.obj"
         SmartRecorder.vcxproj -> D:\labofthings\Hub\output\binaries\Pipeline\AddIns\HomeOS.Hub.Apps.SmartCam\HomeOS.Hub.Apps.SmartCam.SmartRecorder.dll
       PostBuildEvent:
         copy "C:\Windows\system32\msvcr110d.dll" "D:\labofthings\Hub\output\binaries\Pipeline\AddIns\HomeOS.Hub.Apps.SmartCam\"
         copy "C:\Windows\system32\msvcp110d.dll" "D:\labofthings\Hub\output\binaries\Pipeline\AddIns\HomeOS.Hub.Apps.SmartCam\"
         :VCEnd
                 1 file(s) copied.
                 1 file(s) copied.
     1>Done Building Project "D:\labofthings\Hub\Apps\SmartCam\SmartRecorder\SmartRecorder.vcxproj" (Rebuild target(s)).

Build succeeded.

Time Elapsed 00:00:08.95
